<?xml version="1.0" encoding="UTF-8"?>
<robot generator="Robot 4.0.3 (Python 3.8.5 on win32)" generated="20210603 18:01:13.777" rpa="false" schemaversion="2">
<suite id="s1" name="Test" source="C:\development\scripty\RobotFrameWorkDemo\test.robot">
<test id="s1-t1" name="Find product">
<kw name="Start web-browser" type="SETUP">
<kw name="Open Browser" library="SeleniumLibrary">
<arg>${URL}</arg>
<arg>${BROWSER}</arg>
<doc>Opens a new browser instance to the optional ``url``.</doc>
<msg timestamp="20210603 18:01:14.285" level="INFO">Opening browser 'Chrome' to base url 'https://www.alza.cz'.</msg>
<status status="PASS" starttime="20210603 18:01:14.285" endtime="20210603 18:01:21.237"/>
</kw>
<status status="PASS" starttime="20210603 18:01:14.284" endtime="20210603 18:01:21.237"/>
</kw>
<kw name="Find Product" library="indexPage">
<arg>${PRODUCT}</arg>
<kw name="Input Text" library="SeleniumLibrary">
<arg>${SEARCH}</arg>
<arg>${product}</arg>
<doc>Types the given ``text`` into the text field identified by ``locator``.</doc>
<msg timestamp="20210603 18:01:21.285" level="INFO">Typing text 'Samsung Galaxy S20+ černá' into text field 'id:edtSearch'.</msg>
<status status="PASS" starttime="20210603 18:01:21.284" endtime="20210603 18:01:21.657"/>
</kw>
<kw name="Click Element" library="SeleniumLibrary">
<arg>${SEARCH_BUTTON}</arg>
<doc>Click the element identified by ``locator``.</doc>
<msg timestamp="20210603 18:01:21.658" level="INFO">Clicking element '//*[@id="btnSearch"]'.</msg>
<status status="PASS" starttime="20210603 18:01:21.657" endtime="20210603 18:01:24.420"/>
</kw>
<kw name="Wait Until Element Is Visible" library="SeleniumLibrary">
<arg>${SEARCH_TITLE}</arg>
<doc>Waits until the element ``locator`` is visible.</doc>
<status status="PASS" starttime="20210603 18:01:24.421" endtime="20210603 18:01:24.591"/>
</kw>
<status status="PASS" starttime="20210603 18:01:21.282" endtime="20210603 18:01:24.592"/>
</kw>
<kw name="Click on product" library="searchPage">
<arg>${PRODUCT}</arg>
<kw name="Set Variable" library="BuiltIn">
<var>${final_xpath_for_product}</var>
<arg>${SEARCHED_BY_NAME_START_XPATH}${FOUNDED_PRODUCT}${SEARCHED_BY_NAME_END_XPATH}</arg>
<doc>Returns the given values which can then be assigned to a variables.</doc>
<msg timestamp="20210603 18:01:24.594" level="INFO">${final_xpath_for_product} = xpath: //*[contains(text(), "Samsung Galaxy S20+ černá")]</msg>
<status status="PASS" starttime="20210603 18:01:24.593" endtime="20210603 18:01:24.594"/>
</kw>
<kw name="Click Element" library="SeleniumLibrary">
<arg>${final_xpath_for_product}</arg>
<doc>Click the element identified by ``locator``.</doc>
<msg timestamp="20210603 18:01:24.594" level="INFO">Clicking element 'xpath: //*[contains(text(), "Samsung Galaxy S20+ černá")]'.</msg>
<status status="PASS" starttime="20210603 18:01:24.594" endtime="20210603 18:01:27.266"/>
</kw>
<kw name="Wait Until Element Is Visible" library="SeleniumLibrary">
<arg>${PRODUCT_NAME}</arg>
<doc>Waits until the element ``locator`` is visible.</doc>
<status status="PASS" starttime="20210603 18:01:27.267" endtime="20210603 18:01:27.399"/>
</kw>
<kw name="Get Text" library="SeleniumLibrary">
<var>${real_product_name}</var>
<arg>${PRODUCT_NAME}</arg>
<doc>Returns the text value of the element identified by ``locator``.</doc>
<msg timestamp="20210603 18:01:27.433" level="INFO">${real_product_name} = Samsung Galaxy S20+ černá</msg>
<status status="PASS" starttime="20210603 18:01:27.399" endtime="20210603 18:01:27.433"/>
</kw>
<kw name="Should Be Equal As Strings" library="BuiltIn">
<arg>${real_product_name}</arg>
<arg>${FOUNDED_PRODUCT}</arg>
<doc>Fails if objects are unequal after converting them to strings.</doc>
<status status="PASS" starttime="20210603 18:01:27.434" endtime="20210603 18:01:27.435"/>
</kw>
<status status="PASS" starttime="20210603 18:01:24.592" endtime="20210603 18:01:27.435"/>
</kw>
<kw name="Check product page" library="productPage">
<arg>${PRODUCT}</arg>
<arg>${REAL_PRODUCT_DESC}</arg>
<arg>${REAL_PRODUCT_PRICE}</arg>
<kw name="Check Product Page is loaded" library="productPage">
<kw name="Wait Until Element Is Visible" library="SeleniumLibrary">
<arg>${PRODUCT_NAME}</arg>
<doc>Waits until the element ``locator`` is visible.</doc>
<status status="PASS" starttime="20210603 18:01:27.438" endtime="20210603 18:01:27.470"/>
</kw>
<kw name="Wait Until Element Is Visible" library="SeleniumLibrary">
<arg>${PRODUCT_PRICE}</arg>
<doc>Waits until the element ``locator`` is visible.</doc>
<status status="PASS" starttime="20210603 18:01:27.470" endtime="20210603 18:01:27.523"/>
</kw>
<kw name="Wait Until Element Is Visible" library="SeleniumLibrary">
<arg>${PRODUCT_DESCRIPTIONS}</arg>
<doc>Waits until the element ``locator`` is visible.</doc>
<status status="PASS" starttime="20210603 18:01:27.523" endtime="20210603 18:01:27.567"/>
</kw>
<status status="PASS" starttime="20210603 18:01:27.437" endtime="20210603 18:01:27.567"/>
</kw>
<kw name="Check If Product page has right value" library="productPage">
<arg>${product_name}</arg>
<arg>${product_description}</arg>
<arg>${product_prize}</arg>
<kw name="Get Text" library="SeleniumLibrary">
<var>${real_product_name}</var>
<arg>${PRODUCT_NAME}</arg>
<doc>Returns the text value of the element identified by ``locator``.</doc>
<msg timestamp="20210603 18:01:27.588" level="INFO">${real_product_name} = Samsung Galaxy S20+ černá</msg>
<status status="PASS" starttime="20210603 18:01:27.568" endtime="20210603 18:01:27.588"/>
</kw>
<kw name="Should Contain" library="BuiltIn">
<arg>${real_product_name}</arg>
<arg>${want_product_name}</arg>
<doc>Fails if ``container`` does not contain ``item`` one or more times.</doc>
<status status="PASS" starttime="20210603 18:01:27.588" endtime="20210603 18:01:27.589"/>
</kw>
<kw name="Get Text" library="SeleniumLibrary">
<var>${real_product_price}</var>
<arg>${PRODUCT_PRICE}</arg>
<doc>Returns the text value of the element identified by ``locator``.</doc>
<msg timestamp="20210603 18:01:27.625" level="INFO">${real_product_price} = 15 999,-</msg>
<status status="PASS" starttime="20210603 18:01:27.589" endtime="20210603 18:01:27.625"/>
</kw>
<kw name="Should Contain" library="BuiltIn">
<arg>${real_product_price}</arg>
<arg>${want_product_prize}</arg>
<doc>Fails if ``container`` does not contain ``item`` one or more times.</doc>
<status status="PASS" starttime="20210603 18:01:27.625" endtime="20210603 18:01:27.626"/>
</kw>
<kw name="Get Text" library="SeleniumLibrary">
<var>${real_product_description}</var>
<arg>${PRODUCT_DESCRIPTIONS}</arg>
<doc>Returns the text value of the element identified by ``locator``.</doc>
<msg timestamp="20210603 18:01:27.686" level="INFO">${real_product_description} = Mobilní telefon - 6,7" AMOLED 3200 × 1440, 120Hz, procesor Samsung Exynos 990 8jádrový, RAM 8 GB, interní paměť 128 GB, Micro SDXC až 1000 GB, zadní fotoaparát s optickým zoomem 12 Mpx (f/1,8) + 64 Mp...</msg>
<status status="PASS" starttime="20210603 18:01:27.626" endtime="20210603 18:01:27.687"/>
</kw>
<kw name="Should Contain" library="BuiltIn">
<arg>${real_product_description}</arg>
<arg>${want_product_description}</arg>
<doc>Fails if ``container`` does not contain ``item`` one or more times.</doc>
<status status="PASS" starttime="20210603 18:01:27.687" endtime="20210603 18:01:27.688"/>
</kw>
<status status="PASS" starttime="20210603 18:01:27.567" endtime="20210603 18:01:27.689"/>
</kw>
<status status="PASS" starttime="20210603 18:01:27.436" endtime="20210603 18:01:27.689"/>
</kw>
<kw name="Close web-browser" type="TEARDOWN">
<kw name="Close Browser" library="SeleniumLibrary">
<doc>Closes the current browser.</doc>
<status status="PASS" starttime="20210603 18:01:27.691" endtime="20210603 18:01:30.209"/>
</kw>
<status status="PASS" starttime="20210603 18:01:27.690" endtime="20210603 18:01:30.211"/>
</kw>
<tag>Product</tag>
<tag>Search</tag>
<status status="PASS" starttime="20210603 18:01:14.283" endtime="20210603 18:01:30.213"/>
</test>
<test id="s1-t2" name="Get to pampers Babies">
<kw name="Start web-browser" type="SETUP">
<kw name="Open Browser" library="SeleniumLibrary">
<arg>${URL}</arg>
<arg>${BROWSER}</arg>
<doc>Opens a new browser instance to the optional ``url``.</doc>
<msg timestamp="20210603 18:01:30.226" level="INFO">Opening browser 'Chrome' to base url 'https://www.alza.cz'.</msg>
<status status="PASS" starttime="20210603 18:01:30.223" endtime="20210603 18:01:35.816"/>
</kw>
<status status="PASS" starttime="20210603 18:01:30.222" endtime="20210603 18:01:35.817"/>
</kw>
<kw name="Click on drogery" library="indexPage">
<kw name="Click Element" library="SeleniumLibrary">
<arg>${DROGERY}</arg>
<doc>Click the element identified by ``locator``.</doc>
<msg timestamp="20210603 18:01:35.820" level="INFO">Clicking element 'id:headertop_rptSatellites_li_4'.</msg>
<status status="PASS" starttime="20210603 18:01:35.820" endtime="20210603 18:01:37.897"/>
</kw>
<status status="PASS" starttime="20210603 18:01:35.818" endtime="20210603 18:01:37.897"/>
</kw>
<kw name="Click on Babies" library="drogeryIndexPage">
<kw name="Mouse Over" library="SeleniumLibrary">
<arg>${FOR_BABIES}</arg>
<doc>Simulates hovering the mouse over the element ``locator``.</doc>
<msg timestamp="20210603 18:01:37.900" level="INFO">Simulating Mouse Over on element 'id:litp18855800'.</msg>
<status status="PASS" starttime="20210603 18:01:37.899" endtime="20210603 18:01:38.274"/>
</kw>
<kw name="Click on element in menu" library="drogeryIndexPage">
<arg>${PLENKY}</arg>
<kw name="Mouse Down" library="SeleniumLibrary">
<arg>xpath=//a[contains(.,'${str}')]</arg>
<doc>Simulates pressing the left mouse button on the element ``locator``.</doc>
<msg timestamp="20210603 18:01:38.275" level="INFO">Simulating Mouse Down on element 'xpath=//a[contains(.,'Plenky a přebalování')]'.</msg>
<status status="PASS" starttime="20210603 18:01:38.275" endtime="20210603 18:01:38.617"/>
</kw>
<kw name="Click Element" library="SeleniumLibrary">
<arg>xpath=//a[contains(.,'${str}')]</arg>
<doc>Click the element identified by ``locator``.</doc>
<msg timestamp="20210603 18:01:38.618" level="INFO">Clicking element 'xpath=//a[contains(.,'Plenky a přebalování')]'.</msg>
<status status="PASS" starttime="20210603 18:01:38.618" endtime="20210603 18:01:41.281"/>
</kw>
<status status="PASS" starttime="20210603 18:01:38.274" endtime="20210603 18:01:41.282"/>
</kw>
<kw name="Page Should Contain" library="SeleniumLibrary">
<arg>${POTREBY_NA_PREBALOVANI}</arg>
<doc>Verifies that current page contains ``text``.</doc>
<msg timestamp="20210603 18:01:41.367" level="INFO">Current page contains text 'Potřeby na přebalování'.</msg>
<status status="PASS" starttime="20210603 18:01:41.282" endtime="20210603 18:01:41.367"/>
</kw>
<status status="PASS" starttime="20210603 18:01:37.898" endtime="20210603 18:01:41.367"/>
</kw>
<kw name="Close web-browser" type="TEARDOWN">
<kw name="Close Browser" library="SeleniumLibrary">
<doc>Closes the current browser.</doc>
<status status="PASS" starttime="20210603 18:01:41.369" endtime="20210603 18:01:43.841"/>
</kw>
<status status="PASS" starttime="20210603 18:01:41.368" endtime="20210603 18:01:43.842"/>
</kw>
<tag>Drogerie</tag>
<tag>Product</tag>
<status status="PASS" starttime="20210603 18:01:30.218" endtime="20210603 18:01:43.843"/>
</test>
<test id="s1-t3" name="Dummy test">
<kw name="Start web-browser" type="SETUP">
<kw name="Open Browser" library="SeleniumLibrary">
<arg>${URL}</arg>
<arg>${BROWSER}</arg>
<doc>Opens a new browser instance to the optional ``url``.</doc>
<msg timestamp="20210603 18:01:43.852" level="INFO">Opening browser 'Chrome' to base url 'https://www.alza.cz'.</msg>
<status status="PASS" starttime="20210603 18:01:43.851" endtime="20210603 18:01:49.363"/>
</kw>
<status status="PASS" starttime="20210603 18:01:43.849" endtime="20210603 18:01:49.363"/>
</kw>
<kw name="Log To Console" library="BuiltIn">
<arg>Ahoj já nic netestuju ale jsem hustej</arg>
<doc>Logs the given message to the console.</doc>
<status status="PASS" starttime="20210603 18:01:49.408" endtime="20210603 18:01:49.419"/>
</kw>
<kw name="Close web-browser" type="TEARDOWN">
<kw name="Close Browser" library="SeleniumLibrary">
<doc>Closes the current browser.</doc>
<status status="PASS" starttime="20210603 18:01:49.421" endtime="20210603 18:01:54.052"/>
</kw>
<status status="PASS" starttime="20210603 18:01:49.420" endtime="20210603 18:01:54.053"/>
</kw>
<status status="PASS" starttime="20210603 18:01:43.848" endtime="20210603 18:01:54.054"/>
</test>
<doc>Tests for find some products</doc>
<status status="PASS" starttime="20210603 18:01:13.780" endtime="20210603 18:01:54.057"/>
</suite>
<statistics>
<total>
<stat pass="3" fail="0" skip="0">All Tests</stat>
</total>
<tag>
<stat pass="1" fail="0" skip="0">Drogerie</stat>
<stat pass="2" fail="0" skip="0">Product</stat>
<stat pass="1" fail="0" skip="0">Search</stat>
</tag>
<suite>
<stat pass="3" fail="0" skip="0" id="s1" name="Test">Test</stat>
</suite>
</statistics>
<errors>
</errors>
</robot>
